{"timestamp":"2026-05-21T02:04:02.566574","level":"info","event":"DAG bundles loaded: dags-folder","logger":"airflow.dag_processing.bundles.manager.DagBundlesManager"}
{"timestamp":"2026-05-21T02:04:02.566961","level":"info","event":"Filling up the DagBag from /opt/airflow/dags/pipeline_dag.py","logger":"airflow.models.dagbag.DagBag"}
{"timestamp":"2026-05-21T02:04:02.577943","level":"info","event":"Tmp dir root location: /tmp","logger":"airflow.task.hooks.airflow.providers.standard.hooks.subprocess.SubprocessHook"}
{"timestamp":"2026-05-21T02:04:02.578588","level":"info","event":"Running command: ['/usr/bin/bash', '-c', 'cd /opt/airflow && python jobs/transform.py']","logger":"airflow.task.hooks.airflow.providers.standard.hooks.subprocess.SubprocessHook"}
{"timestamp":"2026-05-21T02:04:02.585619","level":"info","event":"Output:","logger":"airflow.task.hooks.airflow.providers.standard.hooks.subprocess.SubprocessHook"}
{"timestamp":"2026-05-21T02:04:03.150045","level":"info","event":"WARNING: Using incubator modules: jdk.incubator.vector","logger":"airflow.task.hooks.airflow.providers.standard.hooks.subprocess.SubprocessHook"}
{"timestamp":"2026-05-21T02:04:04.470224","level":"info","event":"Using Spark's default log4j profile: org/apache/spark/log4j2-defaults.properties","logger":"airflow.task.hooks.airflow.providers.standard.hooks.subprocess.SubprocessHook"}
{"timestamp":"2026-05-21T02:04:04.470518","level":"info","event":"Setting default log level to \"WARN\".","logger":"airflow.task.hooks.airflow.providers.standard.hooks.subprocess.SubprocessHook"}
{"timestamp":"2026-05-21T02:04:04.470664","level":"info","event":"To adjust logging level use sc.setLogLevel(newLevel). For SparkR, use setLogLevel(newLevel).","logger":"airflow.task.hooks.airflow.providers.standard.hooks.subprocess.SubprocessHook"}
{"timestamp":"2026-05-21T02:04:04.888230","level":"info","event":"26/05/21 02:04:04 WARN NativeCodeLoader: Unable to load native-hadoop library for your platform... using builtin-java classes where applicable","logger":"airflow.task.hooks.airflow.providers.standard.hooks.subprocess.SubprocessHook"}
{"timestamp":"2026-05-21T02:04:09.305798","level":"info","event":"26/05/21 02:04:09 WARN SparkStringUtils: Truncated the string representation of a plan since it was too large. This behavior can be adjusted by setting 'spark.sql.debug.maxToStringFields'.","logger":"airflow.task.hooks.airflow.providers.standard.hooks.subprocess.SubprocessHook"}
{"timestamp":"2026-05-21T02:04:15.776588","level":"info","event":"\r[Stage 1:>                                                          (0 + 6) / 6]\r\r[Stage 1:=========>                                                 (1 + 5) / 6]\r\r[Stage 1:=============================>                             (3 + 3) / 6]\r\r[Stage 3:>                                                          (0 + 8) / 9]\r26/05/21 02:04:15 WARN MemoryManager: Total allocation exceeds 95.00% (1,020,054,720 bytes) of heap memory","logger":"airflow.task.hooks.airflow.providers.standard.hooks.subprocess.SubprocessHook"}
{"timestamp":"2026-05-21T02:04:15.781456","level":"info","event":"Scaling row group sizes to 95.00% for 8 writers","logger":"airflow.task.hooks.airflow.providers.standard.hooks.subprocess.SubprocessHook"}
{"timestamp":"2026-05-21T02:04:16.356933","level":"info","event":"26/05/21 02:04:16 WARN MemoryManager: Total allocation exceeds 95.00% (1,020,054,720 bytes) of heap memory","logger":"airflow.task.hooks.airflow.providers.standard.hooks.subprocess.SubprocessHook"}
{"timestamp":"2026-05-21T02:04:16.357096","level":"info","event":"Scaling row group sizes to 95.00% for 8 writers","logger":"airflow.task.hooks.airflow.providers.standard.hooks.subprocess.SubprocessHook"}
{"timestamp":"2026-05-21T02:04:16.556529","level":"info","event":"26/05/21 02:04:16 WARN MemoryManager: Total allocation exceeds 95.00% (1,020,054,720 bytes) of heap memory","logger":"airflow.task.hooks.airflow.providers.standard.hooks.subprocess.SubprocessHook"}
{"timestamp":"2026-05-21T02:04:16.556673","level":"info","event":"Scaling row group sizes to 95.00% for 8 writers","logger":"airflow.task.hooks.airflow.providers.standard.hooks.subprocess.SubprocessHook"}
{"timestamp":"2026-05-21T02:04:17.003727","level":"info","event":"26/05/21 02:04:17 WARN MemoryManager: Total allocation exceeds 95.00% (1,020,054,720 bytes) of heap memory","logger":"airflow.task.hooks.airflow.providers.standard.hooks.subprocess.SubprocessHook"}
{"timestamp":"2026-05-21T02:04:17.003844","level":"info","event":"Scaling row group sizes to 95.00% for 8 writers","logger":"airflow.task.hooks.airflow.providers.standard.hooks.subprocess.SubprocessHook"}
{"timestamp":"2026-05-21T02:04:17.110095","level":"info","event":"26/05/21 02:04:17 WARN MemoryManager: Total allocation exceeds 95.00% (1,020,054,720 bytes) of heap memory","logger":"airflow.task.hooks.airflow.providers.standard.hooks.subprocess.SubprocessHook"}
{"timestamp":"2026-05-21T02:04:17.110222","level":"info","event":"Scaling row group sizes to 95.00% for 8 writers","logger":"airflow.task.hooks.airflow.providers.standard.hooks.subprocess.SubprocessHook"}
{"timestamp":"2026-05-21T02:04:17.242243","level":"info","event":"26/05/21 02:04:17 WARN MemoryManager: Total allocation exceeds 95.00% (1,020,054,720 bytes) of heap memory","logger":"airflow.task.hooks.airflow.providers.standard.hooks.subprocess.SubprocessHook"}
{"timestamp":"2026-05-21T02:04:17.244600","level":"info","event":"Scaling row group sizes to 95.00% for 8 writers","logger":"airflow.task.hooks.airflow.providers.standard.hooks.subprocess.SubprocessHook"}
{"timestamp":"2026-05-21T02:04:17.343935","level":"info","event":"26/05/21 02:04:17 WARN MemoryManager: Total allocation exceeds 95.00% (1,020,054,720 bytes) of heap memory","logger":"airflow.task.hooks.airflow.providers.standard.hooks.subprocess.SubprocessHook"}
{"timestamp":"2026-05-21T02:04:17.344648","level":"info","event":"Scaling row group sizes to 95.00% for 8 writers","logger":"airflow.task.hooks.airflow.providers.standard.hooks.subprocess.SubprocessHook"}
{"timestamp":"2026-05-21T02:04:20.741899","level":"info","event":"\r[Stage 3:=============================================>             (7 + 2) / 9]\r\r[Stage 3:====================================================>      (8 + 1) / 9]\r\r                                                                                \r\r[Stage 4:>                                                          (0 + 6) / 6]\r\r[Stage 4:=========>                                                 (1 + 5) / 6]\r\r[Stage 6:>                                                          (0 + 5) / 5]\r\r                                                                                \rTransform complete","logger":"airflow.task.hooks.airflow.providers.standard.hooks.subprocess.SubprocessHook"}
{"timestamp":"2026-05-21T02:04:20.742380","level":"info","event":"Clean output saved to: data/clean/chicago_crimes_clean","logger":"airflow.task.hooks.airflow.providers.standard.hooks.subprocess.SubprocessHook"}
{"timestamp":"2026-05-21T02:04:20.742475","level":"info","event":"Analytics summary saved to: data/clean/daily_crime_summary","logger":"airflow.task.hooks.airflow.providers.standard.hooks.subprocess.SubprocessHook"}
{"timestamp":"2026-05-21T02:04:21.221064","level":"info","event":"Command exited with return code 0","logger":"airflow.task.hooks.airflow.providers.standard.hooks.subprocess.SubprocessHook"}
{"timestamp":"2026-05-21T02:04:21.222533","level":"info","event":"Pushing xcom","ti":"RuntimeTaskInstance(id=UUID('019e4846-435b-71cb-9043-80060ea2bcae'), task_id='transform', dag_id='chicago_crime_batch_pipeline', run_id='scheduled__2026-05-21T00:00:00+00:00', try_number=1, map_index=-1, hostname='903d6958222a', context_carrier=None, task=<Task(BashOperator): transform>, bundle_instance=LocalDagBundle(name=dags-folder), max_tries=2, start_date=datetime.datetime(2026, 5, 21, 2, 4, 2, 510177, tzinfo=TzInfo(UTC)), end_date=None, is_mapped=False)","logger":"task"}
